d:\projectofstudy\computer graph\opengl_breakout\breakout\debug\vc141.pdb
d:\projectofstudy\computer graph\opengl_breakout\breakout\debug\vc141.idb
d:\projectofstudy\computer graph\opengl_breakout\breakout\debug\game.obj
d:\projectofstudy\computer graph\opengl_breakout\breakout\debug\main.obj
d:\projectofstudy\computer graph\opengl_breakout\breakout\debug\resource_manager.obj
d:\projectofstudy\computer graph\opengl_breakout\breakout\debug\shader.obj
d:\projectofstudy\computer graph\opengl_breakout\breakout\debug\texture.obj
d:\projectofstudy\computer graph\opengl_breakout\breakout\debug\glad.obj
d:\projectofstudy\computer graph\opengl_breakout\breakout\debug\spriterenderer.obj
d:\projectofstudy\computer graph\opengl_breakout\breakout\debug\game_level.obj
d:\projectofstudy\computer graph\opengl_breakout\breakout\debug\game_object.obj
d:\projectofstudy\computer graph\opengl_breakout\breakout\debug\ball_object.obj
d:\projectofstudy\computer graph\opengl_breakout\breakout\debug\particle_generator.obj
d:\projectofstudy\computer graph\opengl_breakout\debug\breakout.exe
d:\projectofstudy\computer graph\opengl_breakout\debug\breakout.ilk
d:\projectofstudy\computer graph\opengl_breakout\debug\breakout.pdb
d:\projectofstudy\computer graph\opengl_breakout\breakout\debug\breakout.tlog\cl.command.1.tlog
d:\projectofstudy\computer graph\opengl_breakout\breakout\debug\breakout.tlog\cl.read.1.tlog
d:\projectofstudy\computer graph\opengl_breakout\breakout\debug\breakout.tlog\cl.write.1.tlog
d:\projectofstudy\computer graph\opengl_breakout\breakout\debug\breakout.tlog\link.command.1.tlog
d:\projectofstudy\computer graph\opengl_breakout\breakout\debug\breakout.tlog\link.read.1.tlog
d:\projectofstudy\computer graph\opengl_breakout\breakout\debug\breakout.tlog\link.write.1.tlog
